<?xml version="1.0" encoding="UTF-8"?>
<!-- Generated by org.testng.reporters.JUnitXMLReporter -->
<testsuite ignored="0" hostname="Daivik" failures="2" tests="5" name="Chrome Tests" time="14.708" errors="0" timestamp="2026-05-11T12:42:46 IST">
  <testcase classname="test.UIElementValidation" name="validateUIElements" time="0.211"/>
  <testcase classname="test.FactorialCalculations" name="verifyFactorial" time="0.0">
    <failure type="org.testng.TestNGException" message="
Cannot inject @Test annotated Method [verifyFactorial] with [class java.lang.String, class java.lang.String].
For more information on native dependency injection please refer to https://testng.org/#_dependency_injection">
      <![CDATA[org.testng.TestNGException: 
Cannot inject @Test annotated Method [verifyFactorial] with [class java.lang.String, class java.lang.String].
For more information on native dependency injection please refer to https://testng.org/#_dependency_injection
at java.base/java.util.ArrayList.forEach(ArrayList.java:1596)
at java.base/java.util.concurrent.FutureTask.run(FutureTask.java:317)
at java.base/java.util.concurrent.ThreadPoolExecutor.runWorker(ThreadPoolExecutor.java:1144)
at java.base/java.util.concurrent.ThreadPoolExecutor$Worker.run(ThreadPoolExecutor.java:642)
at java.base/java.lang.Thread.run(Thread.java:1583)
... Removed 16 stack frames]]>
    </failure>
  </testcase> <!-- verifyFactorial -->
  <testcase classname="test.NoOfLinksinAbout" name="verifyLinksInAboutPage" time="1.223"/>
  <testcase classname="test.VerifyTheContents" name="validatePageDetails" time="0.049"/>
  <testcase classname="test.BugDetection" name="verifyNegativeInputBug" time="0.349">
    <failure type="java.lang.AssertionError" message="Negative numbers factorials are not handled  expected [true] but found [false]">
      <![CDATA[java.lang.AssertionError: Negative numbers factorials are not handled  expected [true] but found [false]
at test.BugDetection.verifyNegativeInputBug(BugDetection.java:24)
at java.base/java.util.ArrayList.forEach(ArrayList.java:1596)
at java.base/java.util.concurrent.FutureTask.run(FutureTask.java:317)
at java.base/java.util.concurrent.ThreadPoolExecutor.runWorker(ThreadPoolExecutor.java:1144)
at java.base/java.util.concurrent.ThreadPoolExecutor$Worker.run(ThreadPoolExecutor.java:642)
at java.base/java.lang.Thread.run(Thread.java:1583)
... Removed 18 stack frames]]>
    </failure>
  </testcase> <!-- verifyNegativeInputBug -->
</testsuite> <!-- Chrome Tests -->
